  controller.cpp
C:\Users\Olya\Desktop\cpp2\Introduction-to-Programming-spring-2020\Project files\include\controller.h(76,14): warning C4244: инициализация: преобразование "double" в "float", возможна потеря данных
C:\Users\Olya\Desktop\cpp2\Introduction-to-Programming-spring-2020\Project files\include\controller.h(102,14): warning C4244: инициализация: преобразование "double" в "float", возможна потеря данных
C:\Users\Olya\Desktop\cpp2\Introduction-to-Programming-spring-2020\Project files\include\controller.h(128,16): warning C4838: преобразование из "T" в "int" требует сужающего преобразования
C:\Users\Olya\Desktop\cpp2\Introduction-to-Programming-spring-2020\Project files\include\controller.h(128,16): warning C4838:         with
C:\Users\Olya\Desktop\cpp2\Introduction-to-Programming-spring-2020\Project files\include\controller.h(128,16): warning C4838:         [
C:\Users\Olya\Desktop\cpp2\Introduction-to-Programming-spring-2020\Project files\include\controller.h(128,16): warning C4838:             T=double
C:\Users\Olya\Desktop\cpp2\Introduction-to-Programming-spring-2020\Project files\include\controller.h(128,16): warning C4838:         ]
C:\Users\Olya\Desktop\cpp2\Introduction-to-Programming-spring-2020\Project files\include\controller.h(128,16): warning C4244: инициализация: преобразование "T" в "int", возможна потеря данных
C:\Users\Olya\Desktop\cpp2\Introduction-to-Programming-spring-2020\Project files\include\controller.h(128,16): warning C4244:         with
C:\Users\Olya\Desktop\cpp2\Introduction-to-Programming-spring-2020\Project files\include\controller.h(128,16): warning C4244:         [
C:\Users\Olya\Desktop\cpp2\Introduction-to-Programming-spring-2020\Project files\include\controller.h(128,16): warning C4244:             T=double
C:\Users\Olya\Desktop\cpp2\Introduction-to-Programming-spring-2020\Project files\include\controller.h(128,16): warning C4244:         ]
C:\Users\Olya\Desktop\cpp2\Introduction-to-Programming-spring-2020\Project files\include\controller.h(128,45): warning C4838: преобразование из "T" в "int" требует сужающего преобразования
C:\Users\Olya\Desktop\cpp2\Introduction-to-Programming-spring-2020\Project files\include\controller.h(128,45): warning C4838:         with
C:\Users\Olya\Desktop\cpp2\Introduction-to-Programming-spring-2020\Project files\include\controller.h(128,45): warning C4838:         [
C:\Users\Olya\Desktop\cpp2\Introduction-to-Programming-spring-2020\Project files\include\controller.h(128,45): warning C4838:             T=double
C:\Users\Olya\Desktop\cpp2\Introduction-to-Programming-spring-2020\Project files\include\controller.h(128,45): warning C4838:         ]
C:\Users\Olya\Desktop\cpp2\Introduction-to-Programming-spring-2020\Project files\include\controller.h(128,45): warning C4244: инициализация: преобразование "T" в "int", возможна потеря данных
C:\Users\Olya\Desktop\cpp2\Introduction-to-Programming-spring-2020\Project files\include\controller.h(128,45): warning C4244:         with
C:\Users\Olya\Desktop\cpp2\Introduction-to-Programming-spring-2020\Project files\include\controller.h(128,45): warning C4244:         [
C:\Users\Olya\Desktop\cpp2\Introduction-to-Programming-spring-2020\Project files\include\controller.h(128,45): warning C4244:             T=double
C:\Users\Olya\Desktop\cpp2\Introduction-to-Programming-spring-2020\Project files\include\controller.h(128,45): warning C4244:         ]
C:\Users\Olya\Desktop\cpp2\Introduction-to-Programming-spring-2020\Project files\include\controller.h(131,19): warning C4244: =: преобразование "double" в "float", возможна потеря данных
C:\Users\Olya\Desktop\cpp2\Introduction-to-Programming-spring-2020\Project files\include\drawer.h(36,1): warning C4244: +=: преобразование "double" в "T", возможна потеря данных
C:\Users\Olya\Desktop\cpp2\Introduction-to-Programming-spring-2020\Project files\include\drawer.h(36,1): warning C4244:         with
C:\Users\Olya\Desktop\cpp2\Introduction-to-Programming-spring-2020\Project files\include\drawer.h(36,1): warning C4244:         [
C:\Users\Olya\Desktop\cpp2\Introduction-to-Programming-spring-2020\Project files\include\drawer.h(36,1): warning C4244:             T=float
C:\Users\Olya\Desktop\cpp2\Introduction-to-Programming-spring-2020\Project files\include\drawer.h(36,1): warning C4244:         ]
C:\Users\Olya\Desktop\cpp2\Introduction-to-Programming-spring-2020\Project files\include\drawer.h(37,1): warning C4244: +=: преобразование "double" в "T", возможна потеря данных
C:\Users\Olya\Desktop\cpp2\Introduction-to-Programming-spring-2020\Project files\include\drawer.h(37,1): warning C4244:         with
C:\Users\Olya\Desktop\cpp2\Introduction-to-Programming-spring-2020\Project files\include\drawer.h(37,1): warning C4244:         [
C:\Users\Olya\Desktop\cpp2\Introduction-to-Programming-spring-2020\Project files\include\drawer.h(37,1): warning C4244:             T=float
C:\Users\Olya\Desktop\cpp2\Introduction-to-Programming-spring-2020\Project files\include\drawer.h(37,1): warning C4244:         ]
C:\Users\Olya\Desktop\cpp2\Introduction-to-Programming-spring-2020\Project files\include\drawer.h(42,1): warning C4244: -=: преобразование "double" в "T", возможна потеря данных
C:\Users\Olya\Desktop\cpp2\Introduction-to-Programming-spring-2020\Project files\include\drawer.h(42,1): warning C4244:         with
C:\Users\Olya\Desktop\cpp2\Introduction-to-Programming-spring-2020\Project files\include\drawer.h(42,1): warning C4244:         [
C:\Users\Olya\Desktop\cpp2\Introduction-to-Programming-spring-2020\Project files\include\drawer.h(42,1): warning C4244:             T=float
C:\Users\Olya\Desktop\cpp2\Introduction-to-Programming-spring-2020\Project files\include\drawer.h(42,1): warning C4244:         ]
  drawer.cpp
C:\Users\Olya\Desktop\cpp2\Introduction-to-Programming-spring-2020\Project files\include\drawer.h(43,1): warning C4244: -=: преобразование "double" в "T", возможна потеря данных
C:\Users\Olya\Desktop\cpp2\Introduction-to-Programming-spring-2020\Project files\include\drawer.h(43,1): warning C4244:         with
C:\Users\Olya\Desktop\cpp2\Introduction-to-Programming-spring-2020\Project files\include\drawer.h(43,1): warning C4244:         [
C:\Users\Olya\Desktop\cpp2\Introduction-to-Programming-spring-2020\Project files\include\drawer.h(43,1): warning C4244:             T=float
C:\Users\Olya\Desktop\cpp2\Introduction-to-Programming-spring-2020\Project files\include\drawer.h(43,1): warning C4244:         ]
C:\Users\Olya\Desktop\cpp2\Introduction-to-Programming-spring-2020\Project files\include\controller.h(76,14): warning C4244: инициализация: преобразование "double" в "float", возможна потеря данных
C:\Users\Olya\Desktop\cpp2\Introduction-to-Programming-spring-2020\Project files\include\controller.h(102,14): warning C4244: инициализация: преобразование "double" в "float", возможна потеря данных
C:\Users\Olya\Desktop\cpp2\Introduction-to-Programming-spring-2020\Project files\include\controller.h(128,16): warning C4838: преобразование из "T" в "int" требует сужающего преобразования
C:\Users\Olya\Desktop\cpp2\Introduction-to-Programming-spring-2020\Project files\include\controller.h(128,16): warning C4838:         with
C:\Users\Olya\Desktop\cpp2\Introduction-to-Programming-spring-2020\Project files\include\controller.h(128,16): warning C4838:         [
C:\Users\Olya\Desktop\cpp2\Introduction-to-Programming-spring-2020\Project files\include\controller.h(128,16): warning C4838:             T=double
C:\Users\Olya\Desktop\cpp2\Introduction-to-Programming-spring-2020\Project files\include\controller.h(128,16): warning C4838:         ]
C:\Users\Olya\Desktop\cpp2\Introduction-to-Programming-spring-2020\Project files\include\controller.h(128,16): warning C4244: инициализация: преобразование "T" в "int", возможна потеря данных
C:\Users\Olya\Desktop\cpp2\Introduction-to-Programming-spring-2020\Project files\include\controller.h(128,16): warning C4244:         with
C:\Users\Olya\Desktop\cpp2\Introduction-to-Programming-spring-2020\Project files\include\controller.h(128,16): warning C4244:         [
C:\Users\Olya\Desktop\cpp2\Introduction-to-Programming-spring-2020\Project files\include\controller.h(128,16): warning C4244:             T=double
C:\Users\Olya\Desktop\cpp2\Introduction-to-Programming-spring-2020\Project files\include\controller.h(128,16): warning C4244:         ]
C:\Users\Olya\Desktop\cpp2\Introduction-to-Programming-spring-2020\Project files\include\controller.h(128,45): warning C4838: преобразование из "T" в "int" требует сужающего преобразования
C:\Users\Olya\Desktop\cpp2\Introduction-to-Programming-spring-2020\Project files\include\controller.h(128,45): warning C4838:         with
C:\Users\Olya\Desktop\cpp2\Introduction-to-Programming-spring-2020\Project files\include\controller.h(128,45): warning C4838:         [
C:\Users\Olya\Desktop\cpp2\Introduction-to-Programming-spring-2020\Project files\include\controller.h(128,45): warning C4838:             T=double
C:\Users\Olya\Desktop\cpp2\Introduction-to-Programming-spring-2020\Project files\include\controller.h(128,45): warning C4838:         ]
C:\Users\Olya\Desktop\cpp2\Introduction-to-Programming-spring-2020\Project files\include\controller.h(128,45): warning C4244: инициализация: преобразование "T" в "int", возможна потеря данных
C:\Users\Olya\Desktop\cpp2\Introduction-to-Programming-spring-2020\Project files\include\controller.h(128,45): warning C4244:         with
C:\Users\Olya\Desktop\cpp2\Introduction-to-Programming-spring-2020\Project files\include\controller.h(128,45): warning C4244:         [
C:\Users\Olya\Desktop\cpp2\Introduction-to-Programming-spring-2020\Project files\include\controller.h(128,45): warning C4244:             T=double
C:\Users\Olya\Desktop\cpp2\Introduction-to-Programming-spring-2020\Project files\include\controller.h(128,45): warning C4244:         ]
C:\Users\Olya\Desktop\cpp2\Introduction-to-Programming-spring-2020\Project files\include\controller.h(131,19): warning C4244: =: преобразование "double" в "float", возможна потеря данных
C:\Users\Olya\Desktop\cpp2\Introduction-to-Programming-spring-2020\Project files\include\drawer.h(36,1): warning C4244: +=: преобразование "double" в "T", возможна потеря данных
C:\Users\Olya\Desktop\cpp2\Introduction-to-Programming-spring-2020\Project files\include\drawer.h(36,1): warning C4244:         with
C:\Users\Olya\Desktop\cpp2\Introduction-to-Programming-spring-2020\Project files\include\drawer.h(36,1): warning C4244:         [
C:\Users\Olya\Desktop\cpp2\Introduction-to-Programming-spring-2020\Project files\include\drawer.h(36,1): warning C4244:             T=float
C:\Users\Olya\Desktop\cpp2\Introduction-to-Programming-spring-2020\Project files\include\drawer.h(36,1): warning C4244:         ]
C:\Users\Olya\Desktop\cpp2\Introduction-to-Programming-spring-2020\Project files\include\drawer.h(37,1): warning C4244: +=: преобразование "double" в "T", возможна потеря данных
C:\Users\Olya\Desktop\cpp2\Introduction-to-Programming-spring-2020\Project files\include\drawer.h(37,1): warning C4244:         with
C:\Users\Olya\Desktop\cpp2\Introduction-to-Programming-spring-2020\Project files\include\drawer.h(37,1): warning C4244:         [
C:\Users\Olya\Desktop\cpp2\Introduction-to-Programming-spring-2020\Project files\include\drawer.h(37,1): warning C4244:             T=float
C:\Users\Olya\Desktop\cpp2\Introduction-to-Programming-spring-2020\Project files\include\drawer.h(37,1): warning C4244:         ]
C:\Users\Olya\Desktop\cpp2\Introduction-to-Programming-spring-2020\Project files\include\drawer.h(42,1): warning C4244: -=: преобразование "double" в "T", возможна потеря данных
C:\Users\Olya\Desktop\cpp2\Introduction-to-Programming-spring-2020\Project files\include\drawer.h(42,1): warning C4244:         with
C:\Users\Olya\Desktop\cpp2\Introduction-to-Programming-spring-2020\Project files\include\drawer.h(42,1): warning C4244:         [
C:\Users\Olya\Desktop\cpp2\Introduction-to-Programming-spring-2020\Project files\include\drawer.h(42,1): warning C4244:             T=float
C:\Users\Olya\Desktop\cpp2\Introduction-to-Programming-spring-2020\Project files\include\drawer.h(42,1): warning C4244:         ]
C:\Users\Olya\Desktop\cpp2\Introduction-to-Programming-spring-2020\Project files\include\drawer.h(43,1): warning C4244: -=: преобразование "double" в "T", возможна потеря данных
C:\Users\Olya\Desktop\cpp2\Introduction-to-Programming-spring-2020\Project files\include\drawer.h(43,1): warning C4244:         with
C:\Users\Olya\Desktop\cpp2\Introduction-to-Programming-spring-2020\Project files\include\drawer.h(43,1): warning C4244:         [
C:\Users\Olya\Desktop\cpp2\Introduction-to-Programming-spring-2020\Project files\include\drawer.h(43,1): warning C4244:             T=float
C:\Users\Olya\Desktop\cpp2\Introduction-to-Programming-spring-2020\Project files\include\drawer.h(43,1): warning C4244:         ]
C:\Users\Olya\Desktop\cpp2\Introduction-to-Programming-spring-2020\Project files\src\drawer.cpp(17,63): warning C4244: аргумент: преобразование "const T" в "T", возможна потеря данных
C:\Users\Olya\Desktop\cpp2\Introduction-to-Programming-spring-2020\Project files\src\drawer.cpp(17,63): warning C4244:         with
C:\Users\Olya\Desktop\cpp2\Introduction-to-Programming-spring-2020\Project files\src\drawer.cpp(17,63): warning C4244:         [
C:\Users\Olya\Desktop\cpp2\Introduction-to-Programming-spring-2020\Project files\src\drawer.cpp(17,63): warning C4244:             T=double
C:\Users\Olya\Desktop\cpp2\Introduction-to-Programming-spring-2020\Project files\src\drawer.cpp(17,63): warning C4244:         ]
C:\Users\Olya\Desktop\cpp2\Introduction-to-Programming-spring-2020\Project files\src\drawer.cpp(17,63): warning C4244:         and
C:\Users\Olya\Desktop\cpp2\Introduction-to-Programming-spring-2020\Project files\src\drawer.cpp(17,63): warning C4244:         [
C:\Users\Olya\Desktop\cpp2\Introduction-to-Programming-spring-2020\Project files\src\drawer.cpp(17,63): warning C4244:             T=float
C:\Users\Olya\Desktop\cpp2\Introduction-to-Programming-spring-2020\Project files\src\drawer.cpp(17,63): warning C4244:         ]
C:\Users\Olya\Desktop\cpp2\Introduction-to-Programming-spring-2020\Project files\src\drawer.cpp(17,52): warning C4244: аргумент: преобразование "const T" в "T", возможна потеря данных
C:\Users\Olya\Desktop\cpp2\Introduction-to-Programming-spring-2020\Project files\src\drawer.cpp(17,52): warning C4244:         with
C:\Users\Olya\Desktop\cpp2\Introduction-to-Programming-spring-2020\Project files\src\drawer.cpp(17,52): warning C4244:         [
C:\Users\Olya\Desktop\cpp2\Introduction-to-Programming-spring-2020\Project files\src\drawer.cpp(17,52): warning C4244:             T=double
C:\Users\Olya\Desktop\cpp2\Introduction-to-Programming-spring-2020\Project files\src\drawer.cpp(17,52): warning C4244:         ]
C:\Users\Olya\Desktop\cpp2\Introduction-to-Programming-spring-2020\Project files\src\drawer.cpp(17,52): warning C4244:         and
C:\Users\Olya\Desktop\cpp2\Introduction-to-Programming-spring-2020\Project files\src\drawer.cpp(17,52): warning C4244:         [
C:\Users\Olya\Desktop\cpp2\Introduction-to-Programming-spring-2020\Project files\src\drawer.cpp(17,52): warning C4244:             T=float
C:\Users\Olya\Desktop\cpp2\Introduction-to-Programming-spring-2020\Project files\src\drawer.cpp(17,52): warning C4244:         ]
C:\Users\Olya\Desktop\cpp2\Introduction-to-Programming-spring-2020\Project files\src\drawer.cpp(33,65): warning C4244: аргумент: преобразование "const T" в "T", возможна потеря данных
C:\Users\Olya\Desktop\cpp2\Introduction-to-Programming-spring-2020\Project files\src\drawer.cpp(33,65): warning C4244:         with
C:\Users\Olya\Desktop\cpp2\Introduction-to-Programming-spring-2020\Project files\src\drawer.cpp(33,65): warning C4244:         [
C:\Users\Olya\Desktop\cpp2\Introduction-to-Programming-spring-2020\Project files\src\drawer.cpp(33,65): warning C4244:             T=double
C:\Users\Olya\Desktop\cpp2\Introduction-to-Programming-spring-2020\Project files\src\drawer.cpp(33,65): warning C4244:         ]
C:\Users\Olya\Desktop\cpp2\Introduction-to-Programming-spring-2020\Project files\src\drawer.cpp(33,65): warning C4244:         and
C:\Users\Olya\Desktop\cpp2\Introduction-to-Programming-spring-2020\Project files\src\drawer.cpp(33,65): warning C4244:         [
C:\Users\Olya\Desktop\cpp2\Introduction-to-Programming-spring-2020\Project files\src\drawer.cpp(33,65): warning C4244:             T=float
C:\Users\Olya\Desktop\cpp2\Introduction-to-Programming-spring-2020\Project files\src\drawer.cpp(33,65): warning C4244:         ]
C:\Users\Olya\Desktop\cpp2\Introduction-to-Programming-spring-2020\Project files\src\drawer.cpp(33,54): warning C4244: аргумент: преобразование "const T" в "T", возможна потеря данных
C:\Users\Olya\Desktop\cpp2\Introduction-to-Programming-spring-2020\Project files\src\drawer.cpp(33,54): warning C4244:         with
C:\Users\Olya\Desktop\cpp2\Introduction-to-Programming-spring-2020\Project files\src\drawer.cpp(33,54): warning C4244:         [
C:\Users\Olya\Desktop\cpp2\Introduction-to-Programming-spring-2020\Project files\src\drawer.cpp(33,54): warning C4244:             T=double
C:\Users\Olya\Desktop\cpp2\Introduction-to-Programming-spring-2020\Project files\src\drawer.cpp(33,54): warning C4244:         ]
C:\Users\Olya\Desktop\cpp2\Introduction-to-Programming-spring-2020\Project files\src\drawer.cpp(33,54): warning C4244:         and
C:\Users\Olya\Desktop\cpp2\Introduction-to-Programming-spring-2020\Project files\src\drawer.cpp(33,54): warning C4244:         [
C:\Users\Olya\Desktop\cpp2\Introduction-to-Programming-spring-2020\Project files\src\drawer.cpp(33,54): warning C4244:             T=float
C:\Users\Olya\Desktop\cpp2\Introduction-to-Programming-spring-2020\Project files\src\drawer.cpp(33,54): warning C4244:         ]
C:\Users\Olya\Desktop\cpp2\Introduction-to-Programming-spring-2020\Project files\src\drawer.cpp(34,65): warning C4244: аргумент: преобразование "const T" в "T", возможна потеря данных
C:\Users\Olya\Desktop\cpp2\Introduction-to-Programming-spring-2020\Project files\src\drawer.cpp(34,65): warning C4244:         with
C:\Users\Olya\Desktop\cpp2\Introduction-to-Programming-spring-2020\Project files\src\drawer.cpp(34,65): warning C4244:         [
C:\Users\Olya\Desktop\cpp2\Introduction-to-Programming-spring-2020\Project files\src\drawer.cpp(34,65): warning C4244:             T=double
C:\Users\Olya\Desktop\cpp2\Introduction-to-Programming-spring-2020\Project files\src\drawer.cpp(34,65): warning C4244:         ]
C:\Users\Olya\Desktop\cpp2\Introduction-to-Programming-spring-2020\Project files\src\drawer.cpp(34,65): warning C4244:         and
C:\Users\Olya\Desktop\cpp2\Introduction-to-Programming-spring-2020\Project files\src\drawer.cpp(34,65): warning C4244:         [
C:\Users\Olya\Desktop\cpp2\Introduction-to-Programming-spring-2020\Project files\src\drawer.cpp(34,65): warning C4244:             T=float
C:\Users\Olya\Desktop\cpp2\Introduction-to-Programming-spring-2020\Project files\src\drawer.cpp(34,65): warning C4244:         ]
C:\Users\Olya\Desktop\cpp2\Introduction-to-Programming-spring-2020\Project files\src\drawer.cpp(34,54): warning C4244: аргумент: преобразование "const T" в "T", возможна потеря данных
C:\Users\Olya\Desktop\cpp2\Introduction-to-Programming-spring-2020\Project files\src\drawer.cpp(34,54): warning C4244:         with
C:\Users\Olya\Desktop\cpp2\Introduction-to-Programming-spring-2020\Project files\src\drawer.cpp(34,54): warning C4244:         [
C:\Users\Olya\Desktop\cpp2\Introduction-to-Programming-spring-2020\Project files\src\drawer.cpp(34,54): warning C4244:             T=double
C:\Users\Olya\Desktop\cpp2\Introduction-to-Programming-spring-2020\Project files\src\drawer.cpp(34,54): warning C4244:         ]
C:\Users\Olya\Desktop\cpp2\Introduction-to-Programming-spring-2020\Project files\src\drawer.cpp(34,54): warning C4244:         and
C:\Users\Olya\Desktop\cpp2\Introduction-to-Programming-spring-2020\Project files\src\drawer.cpp(34,54): warning C4244:         [
C:\Users\Olya\Desktop\cpp2\Introduction-to-Programming-spring-2020\Project files\src\drawer.cpp(34,54): warning C4244:             T=float
C:\Users\Olya\Desktop\cpp2\Introduction-to-Programming-spring-2020\Project files\src\drawer.cpp(34,54): warning C4244:         ]
C:\Users\Olya\Desktop\cpp2\Introduction-to-Programming-spring-2020\Project files\src\drawer.cpp(48,63): warning C4244: аргумент: преобразование "const T" в "T", возможна потеря данных
C:\Users\Olya\Desktop\cpp2\Introduction-to-Programming-spring-2020\Project files\src\drawer.cpp(48,63): warning C4244:         with
C:\Users\Olya\Desktop\cpp2\Introduction-to-Programming-spring-2020\Project files\src\drawer.cpp(48,63): warning C4244:         [
C:\Users\Olya\Desktop\cpp2\Introduction-to-Programming-spring-2020\Project files\src\drawer.cpp(48,63): warning C4244:             T=double
C:\Users\Olya\Desktop\cpp2\Introduction-to-Programming-spring-2020\Project files\src\drawer.cpp(48,63): warning C4244:         ]
C:\Users\Olya\Desktop\cpp2\Introduction-to-Programming-spring-2020\Project files\src\drawer.cpp(48,63): warning C4244:         and
C:\Users\Olya\Desktop\cpp2\Introduction-to-Programming-spring-2020\Project files\src\drawer.cpp(48,63): warning C4244:         [
C:\Users\Olya\Desktop\cpp2\Introduction-to-Programming-spring-2020\Project files\src\drawer.cpp(48,63): warning C4244:             T=float
C:\Users\Olya\Desktop\cpp2\Introduction-to-Programming-spring-2020\Project files\src\drawer.cpp(48,63): warning C4244:         ]
C:\Users\Olya\Desktop\cpp2\Introduction-to-Programming-spring-2020\Project files\src\drawer.cpp(48,52): warning C4244: аргумент: преобразование "const T" в "T", возможна потеря данных
C:\Users\Olya\Desktop\cpp2\Introduction-to-Programming-spring-2020\Project files\src\drawer.cpp(48,52): warning C4244:         with
C:\Users\Olya\Desktop\cpp2\Introduction-to-Programming-spring-2020\Project files\src\drawer.cpp(48,52): warning C4244:         [
C:\Users\Olya\Desktop\cpp2\Introduction-to-Programming-spring-2020\Project files\src\drawer.cpp(48,52): warning C4244:             T=double
C:\Users\Olya\Desktop\cpp2\Introduction-to-Programming-spring-2020\Project files\src\drawer.cpp(48,52): warning C4244:         ]
C:\Users\Olya\Desktop\cpp2\Introduction-to-Programming-spring-2020\Project files\src\drawer.cpp(48,52): warning C4244:         and
C:\Users\Olya\Desktop\cpp2\Introduction-to-Programming-spring-2020\Project files\src\drawer.cpp(48,52): warning C4244:         [
C:\Users\Olya\Desktop\cpp2\Introduction-to-Programming-spring-2020\Project files\src\drawer.cpp(48,52): warning C4244:             T=float
C:\Users\Olya\Desktop\cpp2\Introduction-to-Programming-spring-2020\Project files\src\drawer.cpp(48,52): warning C4244:         ]
C:\Users\Olya\Desktop\cpp2\Introduction-to-Programming-spring-2020\Project files\src\drawer.cpp(49,27): warning C4244: аргумент: преобразование "const T" в "float", возможна потеря данных
C:\Users\Olya\Desktop\cpp2\Introduction-to-Programming-spring-2020\Project files\src\drawer.cpp(49,27): warning C4244:         with
C:\Users\Olya\Desktop\cpp2\Introduction-to-Programming-spring-2020\Project files\src\drawer.cpp(49,27): warning C4244:         [
C:\Users\Olya\Desktop\cpp2\Introduction-to-Programming-spring-2020\Project files\src\drawer.cpp(49,27): warning C4244:             T=double
C:\Users\Olya\Desktop\cpp2\Introduction-to-Programming-spring-2020\Project files\src\drawer.cpp(49,27): warning C4244:         ]
C:\Users\Olya\Desktop\cpp2\Introduction-to-Programming-spring-2020\Project files\src\drawer.cpp(75,65): warning C4244: аргумент: преобразование "unsigned int" в "T", возможна потеря данных
C:\Users\Olya\Desktop\cpp2\Introduction-to-Programming-spring-2020\Project files\src\drawer.cpp(75,65): warning C4244:         with
C:\Users\Olya\Desktop\cpp2\Introduction-to-Programming-spring-2020\Project files\src\drawer.cpp(75,65): warning C4244:         [
C:\Users\Olya\Desktop\cpp2\Introduction-to-Programming-spring-2020\Project files\src\drawer.cpp(75,65): warning C4244:             T=float
C:\Users\Olya\Desktop\cpp2\Introduction-to-Programming-spring-2020\Project files\src\drawer.cpp(75,65): warning C4244:         ]
C:\Users\Olya\Desktop\cpp2\Introduction-to-Programming-spring-2020\Project files\src\drawer.cpp(75,47): warning C4244: аргумент: преобразование "unsigned int" в "T", возможна потеря данных
C:\Users\Olya\Desktop\cpp2\Introduction-to-Programming-spring-2020\Project files\src\drawer.cpp(75,47): warning C4244:         with
C:\Users\Olya\Desktop\cpp2\Introduction-to-Programming-spring-2020\Project files\src\drawer.cpp(75,47): warning C4244:         [
C:\Users\Olya\Desktop\cpp2\Introduction-to-Programming-spring-2020\Project files\src\drawer.cpp(75,47): warning C4244:             T=float
C:\Users\Olya\Desktop\cpp2\Introduction-to-Programming-spring-2020\Project files\src\drawer.cpp(75,47): warning C4244:         ]
C:\Users\Olya\Desktop\cpp2\Introduction-to-Programming-spring-2020\Project files\src\drawer.cpp(80,84): warning C4244: аргумент: преобразование "int" в "T", возможна потеря данных
C:\Users\Olya\Desktop\cpp2\Introduction-to-Programming-spring-2020\Project files\src\drawer.cpp(80,84): warning C4244:         with
C:\Users\Olya\Desktop\cpp2\Introduction-to-Programming-spring-2020\Project files\src\drawer.cpp(80,84): warning C4244:         [
C:\Users\Olya\Desktop\cpp2\Introduction-to-Programming-spring-2020\Project files\src\drawer.cpp(80,84): warning C4244:             T=float
C:\Users\Olya\Desktop\cpp2\Introduction-to-Programming-spring-2020\Project files\src\drawer.cpp(80,84): warning C4244:         ]
C:\Users\Olya\Desktop\cpp2\Introduction-to-Programming-spring-2020\Project files\src\drawer.cpp(80,63): warning C4244: аргумент: преобразование "int" в "T", возможна потеря данных
C:\Users\Olya\Desktop\cpp2\Introduction-to-Programming-spring-2020\Project files\src\drawer.cpp(80,63): warning C4244:         with
C:\Users\Olya\Desktop\cpp2\Introduction-to-Programming-spring-2020\Project files\src\drawer.cpp(80,63): warning C4244:         [
C:\Users\Olya\Desktop\cpp2\Introduction-to-Programming-spring-2020\Project files\src\drawer.cpp(80,63): warning C4244:             T=float
C:\Users\Olya\Desktop\cpp2\Introduction-to-Programming-spring-2020\Project files\src\drawer.cpp(80,63): warning C4244:         ]
C:\Users\Olya\Desktop\cpp2\Introduction-to-Programming-spring-2020\Project files\src\drawer.cpp(103,80): warning C4244: аргумент: преобразование "int" в "T", возможна потеря данных
C:\Users\Olya\Desktop\cpp2\Introduction-to-Programming-spring-2020\Project files\src\drawer.cpp(103,80): warning C4244:         with
C:\Users\Olya\Desktop\cpp2\Introduction-to-Programming-spring-2020\Project files\src\drawer.cpp(103,80): warning C4244:         [
C:\Users\Olya\Desktop\cpp2\Introduction-to-Programming-spring-2020\Project files\src\drawer.cpp(103,80): warning C4244:             T=float
C:\Users\Olya\Desktop\cpp2\Introduction-to-Programming-spring-2020\Project files\src\drawer.cpp(103,80): warning C4244:         ]
  geometry.cpp
  id.cpp
  main.cpp
C:\Users\Olya\Desktop\cpp2\Introduction-to-Programming-spring-2020\Project files\src\drawer.cpp(103,61): warning C4244: аргумент: преобразование "int" в "T", возможна потеря данных
C:\Users\Olya\Desktop\cpp2\Introduction-to-Programming-spring-2020\Project files\src\drawer.cpp(103,61): warning C4244:         with
C:\Users\Olya\Desktop\cpp2\Introduction-to-Programming-spring-2020\Project files\src\drawer.cpp(103,61): warning C4244:         [
C:\Users\Olya\Desktop\cpp2\Introduction-to-Programming-spring-2020\Project files\src\drawer.cpp(103,61): warning C4244:             T=float
C:\Users\Olya\Desktop\cpp2\Introduction-to-Programming-spring-2020\Project files\src\drawer.cpp(103,61): warning C4244:         ]
C:\Users\Olya\Desktop\cpp2\Introduction-to-Programming-spring-2020\Project files\include\controller.h(76,14): warning C4244: инициализация: преобразование "double" в "float", возможна потеря данных
C:\Users\Olya\Desktop\cpp2\Introduction-to-Programming-spring-2020\Project files\include\controller.h(102,14): warning C4244: инициализация: преобразование "double" в "float", возможна потеря данных
C:\Users\Olya\Desktop\cpp2\Introduction-to-Programming-spring-2020\Project files\include\controller.h(128,16): warning C4838: преобразование из "T" в "int" требует сужающего преобразования
C:\Users\Olya\Desktop\cpp2\Introduction-to-Programming-spring-2020\Project files\include\controller.h(128,16): warning C4838:         with
C:\Users\Olya\Desktop\cpp2\Introduction-to-Programming-spring-2020\Project files\include\controller.h(128,16): warning C4838:         [
C:\Users\Olya\Desktop\cpp2\Introduction-to-Programming-spring-2020\Project files\include\controller.h(128,16): warning C4838:             T=double
C:\Users\Olya\Desktop\cpp2\Introduction-to-Programming-spring-2020\Project files\include\controller.h(128,16): warning C4838:         ]
C:\Users\Olya\Desktop\cpp2\Introduction-to-Programming-spring-2020\Project files\include\controller.h(128,16): warning C4244: инициализация: преобразование "T" в "int", возможна потеря данных
C:\Users\Olya\Desktop\cpp2\Introduction-to-Programming-spring-2020\Project files\include\controller.h(128,16): warning C4244:         with
C:\Users\Olya\Desktop\cpp2\Introduction-to-Programming-spring-2020\Project files\include\controller.h(128,16): warning C4244:         [
C:\Users\Olya\Desktop\cpp2\Introduction-to-Programming-spring-2020\Project files\include\controller.h(128,16): warning C4244:             T=double
C:\Users\Olya\Desktop\cpp2\Introduction-to-Programming-spring-2020\Project files\include\controller.h(128,16): warning C4244:         ]
C:\Users\Olya\Desktop\cpp2\Introduction-to-Programming-spring-2020\Project files\include\controller.h(128,45): warning C4838: преобразование из "T" в "int" требует сужающего преобразования
C:\Users\Olya\Desktop\cpp2\Introduction-to-Programming-spring-2020\Project files\include\controller.h(128,45): warning C4838:         with
C:\Users\Olya\Desktop\cpp2\Introduction-to-Programming-spring-2020\Project files\include\controller.h(128,45): warning C4838:         [
C:\Users\Olya\Desktop\cpp2\Introduction-to-Programming-spring-2020\Project files\include\controller.h(128,45): warning C4838:             T=double
C:\Users\Olya\Desktop\cpp2\Introduction-to-Programming-spring-2020\Project files\include\controller.h(128,45): warning C4838:         ]
C:\Users\Olya\Desktop\cpp2\Introduction-to-Programming-spring-2020\Project files\include\controller.h(128,45): warning C4244: инициализация: преобразование "T" в "int", возможна потеря данных
C:\Users\Olya\Desktop\cpp2\Introduction-to-Programming-spring-2020\Project files\include\controller.h(128,45): warning C4244:         with
C:\Users\Olya\Desktop\cpp2\Introduction-to-Programming-spring-2020\Project files\include\controller.h(128,45): warning C4244:         [
C:\Users\Olya\Desktop\cpp2\Introduction-to-Programming-spring-2020\Project files\include\controller.h(128,45): warning C4244:             T=double
C:\Users\Olya\Desktop\cpp2\Introduction-to-Programming-spring-2020\Project files\include\controller.h(128,45): warning C4244:         ]
C:\Users\Olya\Desktop\cpp2\Introduction-to-Programming-spring-2020\Project files\include\controller.h(131,19): warning C4244: =: преобразование "double" в "float", возможна потеря данных
C:\Users\Olya\Desktop\cpp2\Introduction-to-Programming-spring-2020\Project files\include\drawer.h(36,1): warning C4244: +=: преобразование "double" в "T", возможна потеря данных
C:\Users\Olya\Desktop\cpp2\Introduction-to-Programming-spring-2020\Project files\include\drawer.h(36,1): warning C4244:         with
C:\Users\Olya\Desktop\cpp2\Introduction-to-Programming-spring-2020\Project files\include\drawer.h(36,1): warning C4244:         [
C:\Users\Olya\Desktop\cpp2\Introduction-to-Programming-spring-2020\Project files\include\drawer.h(36,1): warning C4244:             T=float
C:\Users\Olya\Desktop\cpp2\Introduction-to-Programming-spring-2020\Project files\include\drawer.h(36,1): warning C4244:         ]
C:\Users\Olya\Desktop\cpp2\Introduction-to-Programming-spring-2020\Project files\include\drawer.h(37,1): warning C4244: +=: преобразование "double" в "T", возможна потеря данных
C:\Users\Olya\Desktop\cpp2\Introduction-to-Programming-spring-2020\Project files\include\drawer.h(37,1): warning C4244:         with
C:\Users\Olya\Desktop\cpp2\Introduction-to-Programming-spring-2020\Project files\include\drawer.h(37,1): warning C4244:         [
C:\Users\Olya\Desktop\cpp2\Introduction-to-Programming-spring-2020\Project files\include\drawer.h(37,1): warning C4244:             T=float
C:\Users\Olya\Desktop\cpp2\Introduction-to-Programming-spring-2020\Project files\include\drawer.h(37,1): warning C4244:         ]
C:\Users\Olya\Desktop\cpp2\Introduction-to-Programming-spring-2020\Project files\include\drawer.h(42,1): warning C4244: -=: преобразование "double" в "T", возможна потеря данных
C:\Users\Olya\Desktop\cpp2\Introduction-to-Programming-spring-2020\Project files\include\drawer.h(42,1): warning C4244:         with
C:\Users\Olya\Desktop\cpp2\Introduction-to-Programming-spring-2020\Project files\include\drawer.h(42,1): warning C4244:         [
C:\Users\Olya\Desktop\cpp2\Introduction-to-Programming-spring-2020\Project files\include\drawer.h(42,1): warning C4244:             T=float
C:\Users\Olya\Desktop\cpp2\Introduction-to-Programming-spring-2020\Project files\include\drawer.h(42,1): warning C4244:         ]
  Создание кода...
C:\Users\Olya\Desktop\cpp2\Introduction-to-Programming-spring-2020\Project files\include\drawer.h(43,1): warning C4244: -=: преобразование "double" в "T", возможна потеря данных
C:\Users\Olya\Desktop\cpp2\Introduction-to-Programming-spring-2020\Project files\include\drawer.h(43,1): warning C4244:         with
C:\Users\Olya\Desktop\cpp2\Introduction-to-Programming-spring-2020\Project files\include\drawer.h(43,1): warning C4244:         [
C:\Users\Olya\Desktop\cpp2\Introduction-to-Programming-spring-2020\Project files\include\drawer.h(43,1): warning C4244:             T=float
C:\Users\Olya\Desktop\cpp2\Introduction-to-Programming-spring-2020\Project files\include\drawer.h(43,1): warning C4244:         ]
  Visual Studio ITP Project.vcxproj -> C:\Users\Olya\Desktop\cpp2\Introduction-to-Programming-spring-2020\Project files\build\Debug\Visual Studio ITP Project.exe
